# JRE version: Java(TM) SE Runtime Environment (8.0_351-b10) (build 1.8.0_351-b10)
# Java VM: Java HotSpot(TM) Client VM (25.351-b10 mixed mode windows-x86 )
Heap:
 def new generation   total 7744K, used 765K [0x05000000, 0x05860000, 0x0a550000)
  eden space 6912K,   4% used [0x05000000, 0x0504f7e0, 0x056c0000)
  from space 832K,  53% used [0x056c0000, 0x0572fcb0, 0x05790000)
  to   space 832K,   0% used [0x05790000, 0x05790000, 0x05860000)
 tenured generation   total 17140K, used 14217K [0x0a550000, 0x0b60d000, 0x15000000)
   the space 17140K,  82% used [0x0a550000, 0x0b332408, 0x0b332600, 0x0b60d000)
 Metaspace       used 21641K, capacity 22828K, committed 22912K, reserved 22912K
GC Heap History (10 events):
Event: 2.128 GC heap before
{Heap before GC invocations=112 (full 2):
 def new generation   total 7744K, used 7361K [0x05000000, 0x05860000, 0x0a550000)
  eden space 6912K, 100% used [0x05000000, 0x056c0000, 0x056c0000)
  from space 832K,  54% used [0x05790000, 0x05800740, 0x05860000)
  to   space 832K,   0% used [0x056c0000, 0x056c0000, 0x05790000)
 tenured generation   total 17140K, used 13583K [0x0a550000, 0x0b60d000, 0x15000000)
   the space 17140K,  79% used [0x0a550000, 0x0b293fb0, 0x0b294000, 0x0b60d000)
 Metaspace       used 20288K, capacity 21393K, committed 21504K, reserved 21888K
Event: 2.130 GC heap after
Heap after GC invocations=113 (full 2):
 def new generation   total 7744K, used 482K [0x05000000, 0x05860000, 0x0a550000)
  eden space 6912K,   0% used [0x05000000, 0x05000000, 0x056c0000)
  from space 832K,  58% used [0x056c0000, 0x05738af8, 0x05790000)
  to   space 832K,   0% used [0x05790000, 0x05790000, 0x05860000)
 tenured generation   total 17140K, used 13687K [0x0a550000, 0x0b60d000, 0x15000000)
   the space 17140K,  79% used [0x0a550000, 0x0b2adcb8, 0x0b2ade00, 0x0b60d000)
 Metaspace       used 20288K, capacity 21393K, committed 21504K, reserved 21888K
}
Event: 2.151 GC heap before
{Heap before GC invocations=113 (full 2):
 def new generation   total 7744K, used 7394K [0x05000000, 0x05860000, 0x0a550000)
  eden space 6912K, 100% used [0x05000000, 0x056c0000, 0x056c0000)
  from space 832K,  58% used [0x056c0000, 0x05738af8, 0x05790000)
  to   space 832K,   0% used [0x05790000, 0x05790000, 0x05860000)
 tenured generation   total 17140K, used 13687K [0x0a550000, 0x0b60d000, 0x15000000)
   the space 17140K,  79% used [0x0a550000, 0x0b2adcb8, 0x0b2ade00, 0x0b60d000)
 Metaspace       used 20518K, capacity 21684K, committed 21760K, reserved 21888K
Event: 2.153 GC heap after
Heap after GC invocations=114 (full 2):
 def new generation   total 7744K, used 641K [0x05000000, 0x05860000, 0x0a550000)
  eden space 6912K,   0% used [0x05000000, 0x05000000, 0x056c0000)
  from space 832K,  77% used [0x05790000, 0x05830688, 0x05860000)
  to   space 832K,   0% used [0x056c0000, 0x056c0000, 0x05790000)
 tenured generation   total 17140K, used 13790K [0x0a550000, 0x0b60d000, 0x15000000)
   the space 17140K,  80% used [0x0a550000, 0x0b2c78b8, 0x0b2c7a00, 0x0b60d000)
 Metaspace       used 20518K, capacity 21684K, committed 21760K, reserved 21888K
}
Event: 8.728 GC heap before
{Heap before GC invocations=114 (full 2):
 def new generation   total 7744K, used 7553K [0x05000000, 0x05860000, 0x0a550000)
  eden space 6912K, 100% used [0x05000000, 0x056c0000, 0x056c0000)
  from space 832K,  77% used [0x05790000, 0x05830688, 0x05860000)
  to   space 832K,   0% used [0x056c0000, 0x056c0000, 0x05790000)
 tenured generation   total 17140K, used 13790K [0x0a550000, 0x0b60d000, 0x15000000)
   the space 17140K,  80% used [0x0a550000, 0x0b2c78b8, 0x0b2c7a00, 0x0b60d000)
 Metaspace       used 21021K, capacity 22180K, committed 22272K, reserved 22912K
Event: 8.731 GC heap after
Heap after GC invocations=115 (full 2):
 def new generation   total 7744K, used 454K [0x05000000, 0x05860000, 0x0a550000)
  eden space 6912K,   0% used [0x05000000, 0x05000000, 0x056c0000)
  from space 832K,  54% used [0x056c0000, 0x05731890, 0x05790000)
  to   space 832K,   0% used [0x05790000, 0x05790000, 0x05860000)
 tenured generation   total 17140K, used 13990K [0x0a550000, 0x0b60d000, 0x15000000)
   the space 17140K,  81% used [0x0a550000, 0x0b2f9870, 0x0b2f9a00, 0x0b60d000)
 Metaspace       used 21021K, capacity 22180K, committed 22272K, reserved 22912K
}
Event: 8.754 GC heap before
{Heap before GC invocations=115 (full 2):
 def new generation   total 7744K, used 7366K [0x05000000, 0x05860000, 0x0a550000)
  eden space 6912K, 100% used [0x05000000, 0x056c0000, 0x056c0000)
  from space 832K,  54% used [0x056c0000, 0x05731890, 0x05790000)
  to   space 832K,   0% used [0x05790000, 0x05790000, 0x05860000)
 tenured generation   total 17140K, used 13990K [0x0a550000, 0x0b60d000, 0x15000000)
   the space 17140K,  81% used [0x0a550000, 0x0b2f9870, 0x0b2f9a00, 0x0b60d000)
 Metaspace       used 21323K, capacity 22505K, committed 22528K, reserved 22912K
Event: 8.756 GC heap after
Heap after GC invocations=116 (full 2):
 def new generation   total 7744K, used 487K [0x05000000, 0x05860000, 0x0a550000)
  eden space 6912K,   0% used [0x05000000, 0x05000000, 0x056c0000)
  from space 832K,  58% used [0x05790000, 0x05809ce8, 0x05860000)
  to   space 832K,   0% used [0x056c0000, 0x056c0000, 0x05790000)
 tenured generation   total 17140K, used 14056K [0x0a550000, 0x0b60d000, 0x15000000)
   the space 17140K,  82% used [0x0a550000, 0x0b30a330, 0x0b30a400, 0x0b60d000)
 Metaspace       used 21323K, capacity 22505K, committed 22528K, reserved 22912K
}
Event: 9.867 GC heap before
{Heap before GC invocations=116 (full 2):
 def new generation   total 7744K, used 7399K [0x05000000, 0x05860000, 0x0a550000)
  eden space 6912K, 100% used [0x05000000, 0x056c0000, 0x056c0000)
  from space 832K,  58% used [0x05790000, 0x05809ce8, 0x05860000)
  to   space 832K,   0% used [0x056c0000, 0x056c0000, 0x05790000)
 tenured generation   total 17140K, used 14056K [0x0a550000, 0x0b60d000, 0x15000000)
   the space 17140K,  82% used [0x0a550000, 0x0b30a330, 0x0b30a400, 0x0b60d000)
 Metaspace       used 21622K, capacity 22825K, committed 22912K, reserved 22912K
Event: 9.869 GC heap after
Heap after GC invocations=117 (full 2):
 def new generation   total 7744K, used 447K [0x05000000, 0x05860000, 0x0a550000)
  eden space 6912K,   0% used [0x05000000, 0x05000000, 0x056c0000)
  from space 832K,  53% used [0x056c0000, 0x0572fcb0, 0x05790000)
  to   space 832K,   0% used [0x05790000, 0x05790000, 0x05860000)
 tenured generation   total 17140K, used 14217K [0x0a550000, 0x0b60d000, 0x15000000)
   the space 17140K,  82% used [0x0a550000, 0x0b332408, 0x0b332600, 0x0b60d000)
 Metaspace       used 21622K, capacity 22825K, committed 22912K, reserved 22912K
}

