# JRE version: Java(TM) SE Runtime Environment (8.0_351-b10) (build 1.8.0_351-b10)
# Java VM: Java HotSpot(TM) Client VM (25.351-b10 mixed mode windows-x86 )
Heap:
 def new generation   total 7744K, used 6510K [0x04c00000, 0x05460000, 0x0a150000)
  eden space 6912K,  87% used [0x04c00000, 0x051e1a10, 0x052c0000)
  from space 832K,  58% used [0x05390000, 0x05409f70, 0x05460000)
  to   space 832K,   0% used [0x052c0000, 0x052c0000, 0x05390000)
 tenured generation   total 17088K, used 13979K [0x0a150000, 0x0b200000, 0x14c00000)
   the space 17088K,  81% used [0x0a150000, 0x0aef6f90, 0x0aef7000, 0x0b200000)
 Metaspace       used 21627K, capacity 22828K, committed 22912K, reserved 22912K
GC Heap History (10 events):
Event: 2.294 GC heap before
{Heap before GC invocations=111 (full 2):
 def new generation   total 7744K, used 7329K [0x04c00000, 0x05460000, 0x0a150000)
  eden space 6912K,  99% used [0x04c00000, 0x052bfef0, 0x052c0000)
  from space 832K,  50% used [0x052c0000, 0x05328868, 0x05390000)
  to   space 832K,   0% used [0x05390000, 0x05390000, 0x05460000)
 tenured generation   total 17088K, used 13486K [0x0a150000, 0x0b200000, 0x14c00000)
   the space 17088K,  78% used [0x0a150000, 0x0ae7bb60, 0x0ae7bc00, 0x0b200000)
 Metaspace       used 20259K, capacity 21391K, committed 21504K, reserved 21888K
Event: 2.296 GC heap after
Heap after GC invocations=112 (full 2):
 def new generation   total 7744K, used 445K [0x04c00000, 0x05460000, 0x0a150000)
  eden space 6912K,   0% used [0x04c00000, 0x04c00000, 0x052c0000)
  from space 832K,  53% used [0x05390000, 0x053ff470, 0x05460000)
  to   space 832K,   0% used [0x052c0000, 0x052c0000, 0x05390000)
 tenured generation   total 17088K, used 13573K [0x0a150000, 0x0b200000, 0x14c00000)
   the space 17088K,  79% used [0x0a150000, 0x0ae914b8, 0x0ae91600, 0x0b200000)
 Metaspace       used 20259K, capacity 21391K, committed 21504K, reserved 21888K
}
Event: 2.306 GC heap before
{Heap before GC invocations=112 (full 2):
 def new generation   total 7744K, used 7357K [0x04c00000, 0x05460000, 0x0a150000)
  eden space 6912K, 100% used [0x04c00000, 0x052c0000, 0x052c0000)
  from space 832K,  53% used [0x05390000, 0x053ff470, 0x05460000)
  to   space 832K,   0% used [0x052c0000, 0x052c0000, 0x05390000)
 tenured generation   total 17088K, used 13573K [0x0a150000, 0x0b200000, 0x14c00000)
   the space 17088K,  79% used [0x0a150000, 0x0ae914b8, 0x0ae91600, 0x0b200000)
 Metaspace       used 20278K, capacity 21393K, committed 21504K, reserved 21888K
Event: 2.308 GC heap after
Heap after GC invocations=113 (full 2):
 def new generation   total 7744K, used 501K [0x04c00000, 0x05460000, 0x0a150000)
  eden space 6912K,   0% used [0x04c00000, 0x04c00000, 0x052c0000)
  from space 832K,  60% used [0x052c0000, 0x0533d448, 0x05390000)
  to   space 832K,   0% used [0x05390000, 0x05390000, 0x05460000)
 tenured generation   total 17088K, used 13675K [0x0a150000, 0x0b200000, 0x14c00000)
   the space 17088K,  80% used [0x0a150000, 0x0aeaae20, 0x0aeab000, 0x0b200000)
 Metaspace       used 20278K, capacity 21393K, committed 21504K, reserved 21888K
}
Event: 2.340 GC heap before
{Heap before GC invocations=113 (full 2):
 def new generation   total 7744K, used 7413K [0x04c00000, 0x05460000, 0x0a150000)
  eden space 6912K, 100% used [0x04c00000, 0x052c0000, 0x052c0000)
  from space 832K,  60% used [0x052c0000, 0x0533d448, 0x05390000)
  to   space 832K,   0% used [0x05390000, 0x05390000, 0x05460000)
 tenured generation   total 17088K, used 13675K [0x0a150000, 0x0b200000, 0x14c00000)
   the space 17088K,  80% used [0x0a150000, 0x0aeaae20, 0x0aeab000, 0x0b200000)
 Metaspace       used 20714K, capacity 21879K, committed 21888K, reserved 21888K
Event: 2.342 GC heap after
Heap after GC invocations=114 (full 2):
 def new generation   total 7744K, used 676K [0x04c00000, 0x05460000, 0x0a150000)
  eden space 6912K,   0% used [0x04c00000, 0x04c00000, 0x052c0000)
  from space 832K,  81% used [0x05390000, 0x054391a8, 0x05460000)
  to   space 832K,   0% used [0x052c0000, 0x052c0000, 0x05390000)
 tenured generation   total 17088K, used 13767K [0x0a150000, 0x0b200000, 0x14c00000)
   the space 17088K,  80% used [0x0a150000, 0x0aec1f00, 0x0aec2000, 0x0b200000)
 Metaspace       used 20714K, capacity 21879K, committed 21888K, reserved 21888K
}
Event: 39.508 GC heap before
{Heap before GC invocations=114 (full 2):
 def new generation   total 7744K, used 7588K [0x04c00000, 0x05460000, 0x0a150000)
  eden space 6912K, 100% used [0x04c00000, 0x052c0000, 0x052c0000)
  from space 832K,  81% used [0x05390000, 0x054391a8, 0x05460000)
  to   space 832K,   0% used [0x052c0000, 0x052c0000, 0x05390000)
 tenured generation   total 17088K, used 13767K [0x0a150000, 0x0b200000, 0x14c00000)
   the space 17088K,  80% used [0x0a150000, 0x0aec1f00, 0x0aec2000, 0x0b200000)
 Metaspace       used 21031K, capacity 22214K, committed 22272K, reserved 22912K
Event: 39.510 GC heap after
Heap after GC invocations=115 (full 2):
 def new generation   total 7744K, used 382K [0x04c00000, 0x05460000, 0x0a150000)
  eden space 6912K,   0% used [0x04c00000, 0x04c00000, 0x052c0000)
  from space 832K,  46% used [0x052c0000, 0x0531fb18, 0x05390000)
  to   space 832K,   0% used [0x05390000, 0x05390000, 0x05460000)
 tenured generation   total 17088K, used 13979K [0x0a150000, 0x0b200000, 0x14c00000)
   the space 17088K,  81% used [0x0a150000, 0x0aef6f90, 0x0aef7000, 0x0b200000)
 Metaspace       used 21031K, capacity 22214K, committed 22272K, reserved 22912K
}
Event: 39.537 GC heap before
{Heap before GC invocations=115 (full 2):
 def new generation   total 7744K, used 7294K [0x04c00000, 0x05460000, 0x0a150000)
  eden space 6912K, 100% used [0x04c00000, 0x052c0000, 0x052c0000)
  from space 832K,  46% used [0x052c0000, 0x0531fb18, 0x05390000)
  to   space 832K,   0% used [0x05390000, 0x05390000, 0x05460000)
 tenured generation   total 17088K, used 13979K [0x0a150000, 0x0b200000, 0x14c00000)
   the space 17088K,  81% used [0x0a150000, 0x0aef6f90, 0x0aef7000, 0x0b200000)
 Metaspace       used 21369K, capacity 22539K, committed 22656K, reserved 22912K
Event: 39.540 GC heap after
Heap after GC invocations=116 (full 2):
 def new generation   total 7744K, used 487K [0x04c00000, 0x05460000, 0x0a150000)
  eden space 6912K,   0% used [0x04c00000, 0x04c00000, 0x052c0000)
  from space 832K,  58% used [0x05390000, 0x05409f70, 0x05460000)
  to   space 832K,   0% used [0x052c0000, 0x052c0000, 0x05390000)
 tenured generation   total 17088K, used 13979K [0x0a150000, 0x0b200000, 0x14c00000)
   the space 17088K,  81% used [0x0a150000, 0x0aef6f90, 0x0aef7000, 0x0b200000)
 Metaspace       used 21369K, capacity 22539K, committed 22656K, reserved 22912K
}

